{"/Users/simonhoyos/Documents/makeitreal/lessons/express-mongo/restaurants/src/app.js": {"path":"/Users/simonhoyos/Documents/makeitreal/lessons/express-mongo/restaurants/src/app.js","statementMap":{"0":{"start":{"line":1,"column":16},"end":{"line":1,"column":34}},"1":{"start":{"line":2,"column":13},"end":{"line":2,"column":28}},"2":{"start":{"line":3,"column":15},"end":{"line":3,"column":32}},"3":{"start":{"line":4,"column":19},"end":{"line":4,"column":34}},"4":{"start":{"line":5,"column":20},"end":{"line":5,"column":45}},"5":{"start":{"line":6,"column":19},"end":{"line":6,"column":43}},"6":{"start":{"line":7,"column":20},"end":{"line":7,"column":45}},"7":{"start":{"line":8,"column":17},"end":{"line":8,"column":47}},"8":{"start":{"line":10,"column":12},"end":{"line":10,"column":21}},"9":{"start":{"line":12,"column":0},"end":{"line":12,"column":24}},"10":{"start":{"line":13,"column":0},"end":{"line":13,"column":16}},"11":{"start":{"line":14,"column":0},"end":{"line":14,"column":24}},"12":{"start":{"line":16,"column":0},"end":{"line":16,"column":38}},"13":{"start":{"line":17,"column":0},"end":{"line":17,"column":36}},"14":{"start":{"line":18,"column":0},"end":{"line":18,"column":32}},"15":{"start":{"line":20,"column":0},"end":{"line":20,"column":21}}},"fnMap":{},"branchMap":{},"s":{"0":1,"1":1,"2":1,"3":1,"4":1,"5":1,"6":1,"7":1,"8":1,"9":1,"10":1,"11":1,"12":1,"13":1,"14":1,"15":1},"f":{},"b":{},"_coverageSchema":"1a1c01bbd47fc00a2c39e90264f33305004495a9","hash":"e42fed175c40123c091869bbab585804863257bd"}
,"/Users/simonhoyos/Documents/makeitreal/lessons/express-mongo/restaurants/src/db.js": {"path":"/Users/simonhoyos/Documents/makeitreal/lessons/express-mongo/restaurants/src/db.js","statementMap":{"0":{"start":{"line":1,"column":17},"end":{"line":1,"column":36}},"1":{"start":{"line":3,"column":12},"end":{"line":3,"column":73}},"2":{"start":{"line":5,"column":16},"end":{"line":8,"column":1}},"3":{"start":{"line":10,"column":0},"end":{"line":10,"column":31}},"4":{"start":{"line":12,"column":19},"end":{"line":12,"column":38}},"5":{"start":{"line":14,"column":0},"end":{"line":14,"column":82}},"6":{"start":{"line":14,"column":30},"end":{"line":14,"column":80}},"7":{"start":{"line":15,"column":0},"end":{"line":15,"column":73}},"8":{"start":{"line":15,"column":30},"end":{"line":15,"column":71}},"9":{"start":{"line":17,"column":0},"end":{"line":17,"column":28}}},"fnMap":{"0":{"name":"(anonymous_0)","decl":{"start":{"line":14,"column":24},"end":{"line":14,"column":25}},"loc":{"start":{"line":14,"column":30},"end":{"line":14,"column":80}},"line":14},"1":{"name":"(anonymous_1)","decl":{"start":{"line":15,"column":23},"end":{"line":15,"column":24}},"loc":{"start":{"line":15,"column":30},"end":{"line":15,"column":71}},"line":15}},"branchMap":{"0":{"loc":{"start":{"line":3,"column":12},"end":{"line":3,"column":73}},"type":"binary-expr","locations":[{"start":{"line":3,"column":12},"end":{"line":3,"column":33}},{"start":{"line":3,"column":37},"end":{"line":3,"column":73}}],"line":3}},"s":{"0":1,"1":1,"2":1,"3":1,"4":1,"5":1,"6":1,"7":1,"8":0,"9":1},"f":{"0":1,"1":0},"b":{"0":[1,0]},"_coverageSchema":"1a1c01bbd47fc00a2c39e90264f33305004495a9","hash":"4c2c81671cf3a1f8f25a6460a0396c4d025e874b"}
,"/Users/simonhoyos/Documents/makeitreal/lessons/express-mongo/restaurants/src/controllers/menu.controller.js": {"path":"/Users/simonhoyos/Documents/makeitreal/lessons/express-mongo/restaurants/src/controllers/menu.controller.js","statementMap":{"0":{"start":{"line":1,"column":13},"end":{"line":1,"column":44}},"1":{"start":{"line":2,"column":14},"end":{"line":2,"column":46}},"2":{"start":{"line":4,"column":0},"end":{"line":62,"column":1}},"3":{"start":{"line":6,"column":4},"end":{"line":11,"column":5}},"4":{"start":{"line":7,"column":20},"end":{"line":7,"column":56}},"5":{"start":{"line":8,"column":6},"end":{"line":8,"column":34}},"6":{"start":{"line":10,"column":6},"end":{"line":10,"column":38}},"7":{"start":{"line":14,"column":4},"end":{"line":20,"column":5}},"8":{"start":{"line":15,"column":21},"end":{"line":15,"column":31}},"9":{"start":{"line":16,"column":19},"end":{"line":16,"column":61}},"10":{"start":{"line":17,"column":6},"end":{"line":17,"column":33}},"11":{"start":{"line":19,"column":6},"end":{"line":19,"column":38}},"12":{"start":{"line":23,"column":4},"end":{"line":35,"column":5}},"13":{"start":{"line":24,"column":19},"end":{"line":24,"column":65}},"14":{"start":{"line":26,"column":6},"end":{"line":30,"column":9}},"15":{"start":{"line":27,"column":22},"end":{"line":27,"column":46}},"16":{"start":{"line":28,"column":8},"end":{"line":28,"column":31}},"17":{"start":{"line":29,"column":8},"end":{"line":29,"column":27}},"18":{"start":{"line":32,"column":6},"end":{"line":32,"column":33}},"19":{"start":{"line":34,"column":6},"end":{"line":34,"column":38}},"20":{"start":{"line":38,"column":4},"end":{"line":51,"column":5}},"21":{"start":{"line":39,"column":21},"end":{"line":39,"column":31}},"22":{"start":{"line":40,"column":22},"end":{"line":44,"column":7}},"23":{"start":{"line":46,"column":19},"end":{"line":46,"column":85}},"24":{"start":{"line":48,"column":6},"end":{"line":48,"column":33}},"25":{"start":{"line":50,"column":6},"end":{"line":50,"column":38}},"26":{"start":{"line":54,"column":4},"end":{"line":60,"column":5}},"27":{"start":{"line":55,"column":21},"end":{"line":55,"column":31}},"28":{"start":{"line":56,"column":19},"end":{"line":56,"column":51}},"29":{"start":{"line":57,"column":6},"end":{"line":57,"column":33}},"30":{"start":{"line":59,"column":6},"end":{"line":59,"column":38}}},"fnMap":{"0":{"name":"(anonymous_0)","decl":{"start":{"line":5,"column":2},"end":{"line":5,"column":3}},"loc":{"start":{"line":5,"column":25},"end":{"line":12,"column":3}},"line":5},"1":{"name":"(anonymous_1)","decl":{"start":{"line":13,"column":2},"end":{"line":13,"column":3}},"loc":{"start":{"line":13,"column":25},"end":{"line":21,"column":3}},"line":13},"2":{"name":"(anonymous_2)","decl":{"start":{"line":22,"column":2},"end":{"line":22,"column":3}},"loc":{"start":{"line":22,"column":25},"end":{"line":36,"column":3}},"line":22},"3":{"name":"(anonymous_3)","decl":{"start":{"line":26,"column":36},"end":{"line":26,"column":37}},"loc":{"start":{"line":26,"column":48},"end":{"line":30,"column":7}},"line":26},"4":{"name":"(anonymous_4)","decl":{"start":{"line":37,"column":2},"end":{"line":37,"column":3}},"loc":{"start":{"line":37,"column":25},"end":{"line":52,"column":3}},"line":37},"5":{"name":"(anonymous_5)","decl":{"start":{"line":53,"column":2},"end":{"line":53,"column":3}},"loc":{"start":{"line":53,"column":25},"end":{"line":61,"column":3}},"line":53}},"branchMap":{},"s":{"0":1,"1":1,"2":1,"3":0,"4":0,"5":0,"6":0,"7":0,"8":0,"9":0,"10":0,"11":0,"12":0,"13":0,"14":0,"15":0,"16":0,"17":0,"18":0,"19":0,"20":0,"21":0,"22":0,"23":0,"24":0,"25":0,"26":0,"27":0,"28":0,"29":0,"30":0},"f":{"0":0,"1":0,"2":0,"3":0,"4":0,"5":0},"b":{},"_coverageSchema":"1a1c01bbd47fc00a2c39e90264f33305004495a9","hash":"7c78a331492b6749b91c42876b9977e01cb5044b"}
,"/Users/simonhoyos/Documents/makeitreal/lessons/express-mongo/restaurants/src/controllers/plate.controller.js": {"path":"/Users/simonhoyos/Documents/makeitreal/lessons/express-mongo/restaurants/src/controllers/plate.controller.js","statementMap":{"0":{"start":{"line":1,"column":14},"end":{"line":1,"column":46}},"1":{"start":{"line":3,"column":0},"end":{"line":53,"column":1}},"2":{"start":{"line":5,"column":4},"end":{"line":11,"column":5}},"3":{"start":{"line":6,"column":21},"end":{"line":6,"column":57}},"4":{"start":{"line":8,"column":6},"end":{"line":8,"column":35}},"5":{"start":{"line":10,"column":6},"end":{"line":10,"column":38}},"6":{"start":{"line":14,"column":4},"end":{"line":20,"column":5}},"7":{"start":{"line":15,"column":21},"end":{"line":15,"column":31}},"8":{"start":{"line":16,"column":20},"end":{"line":16,"column":62}},"9":{"start":{"line":17,"column":6},"end":{"line":17,"column":34}},"10":{"start":{"line":19,"column":6},"end":{"line":19,"column":38}},"11":{"start":{"line":23,"column":4},"end":{"line":28,"column":5}},"12":{"start":{"line":24,"column":20},"end":{"line":24,"column":48}},"13":{"start":{"line":25,"column":6},"end":{"line":25,"column":34}},"14":{"start":{"line":27,"column":6},"end":{"line":27,"column":38}},"15":{"start":{"line":31,"column":4},"end":{"line":42,"column":5}},"16":{"start":{"line":32,"column":21},"end":{"line":32,"column":31}},"17":{"start":{"line":33,"column":22},"end":{"line":37,"column":7}},"18":{"start":{"line":38,"column":20},"end":{"line":38,"column":90}},"19":{"start":{"line":39,"column":6},"end":{"line":39,"column":34}},"20":{"start":{"line":41,"column":6},"end":{"line":41,"column":38}},"21":{"start":{"line":45,"column":4},"end":{"line":51,"column":5}},"22":{"start":{"line":46,"column":21},"end":{"line":46,"column":31}},"23":{"start":{"line":47,"column":20},"end":{"line":47,"column":53}},"24":{"start":{"line":48,"column":6},"end":{"line":48,"column":34}},"25":{"start":{"line":50,"column":6},"end":{"line":50,"column":38}}},"fnMap":{"0":{"name":"(anonymous_0)","decl":{"start":{"line":4,"column":2},"end":{"line":4,"column":3}},"loc":{"start":{"line":4,"column":25},"end":{"line":12,"column":3}},"line":4},"1":{"name":"(anonymous_1)","decl":{"start":{"line":13,"column":2},"end":{"line":13,"column":3}},"loc":{"start":{"line":13,"column":25},"end":{"line":21,"column":3}},"line":13},"2":{"name":"(anonymous_2)","decl":{"start":{"line":22,"column":2},"end":{"line":22,"column":3}},"loc":{"start":{"line":22,"column":25},"end":{"line":29,"column":3}},"line":22},"3":{"name":"(anonymous_3)","decl":{"start":{"line":30,"column":2},"end":{"line":30,"column":3}},"loc":{"start":{"line":30,"column":25},"end":{"line":43,"column":3}},"line":30},"4":{"name":"(anonymous_4)","decl":{"start":{"line":44,"column":2},"end":{"line":44,"column":3}},"loc":{"start":{"line":44,"column":25},"end":{"line":52,"column":3}},"line":44}},"branchMap":{},"s":{"0":1,"1":1,"2":1,"3":1,"4":1,"5":0,"6":2,"7":2,"8":2,"9":1,"10":1,"11":2,"12":2,"13":1,"14":1,"15":2,"16":2,"17":2,"18":2,"19":1,"20":1,"21":2,"22":2,"23":2,"24":1,"25":1},"f":{"0":1,"1":2,"2":2,"3":2,"4":2},"b":{},"_coverageSchema":"1a1c01bbd47fc00a2c39e90264f33305004495a9","hash":"65c6e67a4bff4511fba2aa820a80aa56661abb90"}
,"/Users/simonhoyos/Documents/makeitreal/lessons/express-mongo/restaurants/src/controllers/user.controller.js": {"path":"/Users/simonhoyos/Documents/makeitreal/lessons/express-mongo/restaurants/src/controllers/user.controller.js","statementMap":{"0":{"start":{"line":1,"column":13},"end":{"line":1,"column":44}},"1":{"start":{"line":2,"column":15},"end":{"line":2,"column":32}},"2":{"start":{"line":3,"column":12},"end":{"line":3,"column":35}},"3":{"start":{"line":5,"column":0},"end":{"line":51,"column":1}},"4":{"start":{"line":7,"column":4},"end":{"line":26,"column":5}},"5":{"start":{"line":8,"column":36},"end":{"line":8,"column":44}},"6":{"start":{"line":9,"column":26},"end":{"line":9,"column":56}},"7":{"start":{"line":10,"column":19},"end":{"line":13,"column":8}},"8":{"start":{"line":15,"column":20},"end":{"line":21,"column":7}},"9":{"start":{"line":23,"column":6},"end":{"line":23,"column":38}},"10":{"start":{"line":25,"column":6},"end":{"line":25,"column":38}},"11":{"start":{"line":29,"column":4},"end":{"line":49,"column":5}},"12":{"start":{"line":30,"column":37},"end":{"line":30,"column":45}},"13":{"start":{"line":31,"column":19},"end":{"line":31,"column":51}},"14":{"start":{"line":32,"column":22},"end":{"line":32,"column":67}},"15":{"start":{"line":34,"column":6},"end":{"line":36,"column":7}},"16":{"start":{"line":35,"column":8},"end":{"line":35,"column":56}},"17":{"start":{"line":38,"column":20},"end":{"line":44,"column":7}},"18":{"start":{"line":46,"column":6},"end":{"line":46,"column":38}},"19":{"start":{"line":48,"column":6},"end":{"line":48,"column":38}}},"fnMap":{"0":{"name":"(anonymous_0)","decl":{"start":{"line":6,"column":2},"end":{"line":6,"column":3}},"loc":{"start":{"line":6,"column":25},"end":{"line":27,"column":3}},"line":6},"1":{"name":"(anonymous_1)","decl":{"start":{"line":28,"column":2},"end":{"line":28,"column":3}},"loc":{"start":{"line":28,"column":25},"end":{"line":50,"column":3}},"line":28}},"branchMap":{"0":{"loc":{"start":{"line":34,"column":6},"end":{"line":36,"column":7}},"type":"if","locations":[{"start":{"line":34,"column":6},"end":{"line":36,"column":7}},{"start":{"line":34,"column":6},"end":{"line":36,"column":7}}],"line":34}},"s":{"0":1,"1":1,"2":1,"3":1,"4":1,"5":1,"6":1,"7":1,"8":1,"9":1,"10":0,"11":0,"12":0,"13":0,"14":0,"15":0,"16":0,"17":0,"18":0,"19":0},"f":{"0":1,"1":0},"b":{"0":[0,0]},"_coverageSchema":"1a1c01bbd47fc00a2c39e90264f33305004495a9","hash":"9b79da289d446f76394db5debb19dc2aeceea634"}
,"/Users/simonhoyos/Documents/makeitreal/lessons/express-mongo/restaurants/src/models/menu.model.js": {"path":"/Users/simonhoyos/Documents/makeitreal/lessons/express-mongo/restaurants/src/models/menu.model.js","statementMap":{"0":{"start":{"line":1,"column":26},"end":{"line":1,"column":45}},"1":{"start":{"line":3,"column":19},"end":{"line":21,"column":2}},"2":{"start":{"line":15,"column":28},"end":{"line":15,"column":44}},"3":{"start":{"line":23,"column":13},"end":{"line":23,"column":38}},"4":{"start":{"line":25,"column":0},"end":{"line":25,"column":22}}},"fnMap":{"0":{"name":"(anonymous_0)","decl":{"start":{"line":15,"column":17},"end":{"line":15,"column":18}},"loc":{"start":{"line":15,"column":28},"end":{"line":15,"column":44}},"line":15}},"branchMap":{},"s":{"0":1,"1":1,"2":0,"3":1,"4":1},"f":{"0":0},"b":{},"_coverageSchema":"1a1c01bbd47fc00a2c39e90264f33305004495a9","hash":"1cdc74c2b5f2d8932bf67871efa0a52caad55a11"}
,"/Users/simonhoyos/Documents/makeitreal/lessons/express-mongo/restaurants/src/models/plate.model.js": {"path":"/Users/simonhoyos/Documents/makeitreal/lessons/express-mongo/restaurants/src/models/plate.model.js","statementMap":{"0":{"start":{"line":1,"column":26},"end":{"line":1,"column":45}},"1":{"start":{"line":3,"column":20},"end":{"line":18,"column":2}},"2":{"start":{"line":20,"column":14},"end":{"line":20,"column":41}},"3":{"start":{"line":22,"column":0},"end":{"line":22,"column":23}}},"fnMap":{},"branchMap":{},"s":{"0":1,"1":1,"2":1,"3":1},"f":{},"b":{},"_coverageSchema":"1a1c01bbd47fc00a2c39e90264f33305004495a9","hash":"fbaef572564d344917c09728135838092fc45f25"}
,"/Users/simonhoyos/Documents/makeitreal/lessons/express-mongo/restaurants/src/models/user.model.js": {"path":"/Users/simonhoyos/Documents/makeitreal/lessons/express-mongo/restaurants/src/models/user.model.js","statementMap":{"0":{"start":{"line":1,"column":34},"end":{"line":1,"column":53}},"1":{"start":{"line":3,"column":19},"end":{"line":33,"column":2}},"2":{"start":{"line":8,"column":21},"end":{"line":8,"column":67}},"3":{"start":{"line":9,"column":8},"end":{"line":9,"column":21}},"4":{"start":{"line":35,"column":13},"end":{"line":35,"column":38}},"5":{"start":{"line":37,"column":0},"end":{"line":37,"column":22}}},"fnMap":{"0":{"name":"(anonymous_0)","decl":{"start":{"line":7,"column":17},"end":{"line":7,"column":18}},"loc":{"start":{"line":7,"column":34},"end":{"line":10,"column":7}},"line":7}},"branchMap":{},"s":{"0":1,"1":1,"2":1,"3":1,"4":1,"5":1},"f":{"0":1},"b":{},"_coverageSchema":"1a1c01bbd47fc00a2c39e90264f33305004495a9","hash":"0bee819b14c0822246a515f023742fd337cf898b"}
,"/Users/simonhoyos/Documents/makeitreal/lessons/express-mongo/restaurants/src/routes/admin.js": {"path":"/Users/simonhoyos/Documents/makeitreal/lessons/express-mongo/restaurants/src/routes/admin.js","statementMap":{"0":{"start":{"line":1,"column":15},"end":{"line":1,"column":42}},"1":{"start":{"line":2,"column":23},"end":{"line":2,"column":64}},"2":{"start":{"line":4,"column":0},"end":{"line":4,"column":52}},"3":{"start":{"line":5,"column":0},"end":{"line":5,"column":52}},"4":{"start":{"line":7,"column":0},"end":{"line":7,"column":24}}},"fnMap":{},"branchMap":{},"s":{"0":1,"1":1,"2":1,"3":1,"4":1},"f":{},"b":{},"_coverageSchema":"1a1c01bbd47fc00a2c39e90264f33305004495a9","hash":"a9b379a0f768327d857b583325bb7db92eba2436"}
,"/Users/simonhoyos/Documents/makeitreal/lessons/express-mongo/restaurants/src/routes/menu.js": {"path":"/Users/simonhoyos/Documents/makeitreal/lessons/express-mongo/restaurants/src/routes/menu.js","statementMap":{"0":{"start":{"line":1,"column":15},"end":{"line":1,"column":42}},"1":{"start":{"line":2,"column":23},"end":{"line":2,"column":64}},"2":{"start":{"line":3,"column":24},"end":{"line":3,"column":55}},"3":{"start":{"line":5,"column":0},"end":{"line":5,"column":35}},"4":{"start":{"line":6,"column":0},"end":{"line":6,"column":45}},"5":{"start":{"line":7,"column":0},"end":{"line":7,"column":46}},"6":{"start":{"line":8,"column":0},"end":{"line":8,"column":48}},"7":{"start":{"line":9,"column":0},"end":{"line":9,"column":48}},"8":{"start":{"line":10,"column":0},"end":{"line":10,"column":51}},"9":{"start":{"line":12,"column":0},"end":{"line":12,"column":24}}},"fnMap":{},"branchMap":{},"s":{"0":1,"1":1,"2":1,"3":1,"4":1,"5":1,"6":1,"7":1,"8":1,"9":1},"f":{},"b":{},"_coverageSchema":"1a1c01bbd47fc00a2c39e90264f33305004495a9","hash":"99f4c215bb057f988d847def61efc7331e4ad25b"}
,"/Users/simonhoyos/Documents/makeitreal/lessons/express-mongo/restaurants/src/routes/plate.js": {"path":"/Users/simonhoyos/Documents/makeitreal/lessons/express-mongo/restaurants/src/routes/plate.js","statementMap":{"0":{"start":{"line":1,"column":15},"end":{"line":1,"column":42}},"1":{"start":{"line":2,"column":24},"end":{"line":2,"column":66}},"2":{"start":{"line":3,"column":24},"end":{"line":3,"column":55}},"3":{"start":{"line":5,"column":0},"end":{"line":5,"column":35}},"4":{"start":{"line":6,"column":0},"end":{"line":6,"column":46}},"5":{"start":{"line":7,"column":0},"end":{"line":7,"column":47}},"6":{"start":{"line":8,"column":0},"end":{"line":8,"column":49}},"7":{"start":{"line":9,"column":0},"end":{"line":9,"column":49}},"8":{"start":{"line":10,"column":0},"end":{"line":10,"column":52}},"9":{"start":{"line":12,"column":0},"end":{"line":12,"column":24}}},"fnMap":{},"branchMap":{},"s":{"0":1,"1":1,"2":1,"3":1,"4":1,"5":1,"6":1,"7":1,"8":1,"9":1},"f":{},"b":{},"_coverageSchema":"1a1c01bbd47fc00a2c39e90264f33305004495a9","hash":"0a3e9a334b39e9f8133d102f8fe1b664897b7650"}
,"/Users/simonhoyos/Documents/makeitreal/lessons/express-mongo/restaurants/src/utils/middlewares.js": {"path":"/Users/simonhoyos/Documents/makeitreal/lessons/express-mongo/restaurants/src/utils/middlewares.js","statementMap":{"0":{"start":{"line":1,"column":12},"end":{"line":1,"column":35}},"1":{"start":{"line":3,"column":0},"end":{"line":26,"column":1}},"2":{"start":{"line":5,"column":4},"end":{"line":11,"column":5}},"3":{"start":{"line":6,"column":20},"end":{"line":6,"column":45}},"4":{"start":{"line":7,"column":6},"end":{"line":7,"column":60}},"5":{"start":{"line":8,"column":6},"end":{"line":8,"column":13}},"6":{"start":{"line":10,"column":6},"end":{"line":10,"column":38}},"7":{"start":{"line":14,"column":4},"end":{"line":24,"column":5}},"8":{"start":{"line":15,"column":6},"end":{"line":23,"column":7}},"9":{"start":{"line":16,"column":8},"end":{"line":18,"column":9}},"10":{"start":{"line":17,"column":10},"end":{"line":17,"column":77}},"11":{"start":{"line":20,"column":8},"end":{"line":20,"column":15}},"12":{"start":{"line":22,"column":8},"end":{"line":22,"column":78}}},"fnMap":{"0":{"name":"(anonymous_0)","decl":{"start":{"line":4,"column":2},"end":{"line":4,"column":3}},"loc":{"start":{"line":4,"column":23},"end":{"line":12,"column":3}},"line":4},"1":{"name":"(anonymous_1)","decl":{"start":{"line":13,"column":2},"end":{"line":13,"column":3}},"loc":{"start":{"line":13,"column":28},"end":{"line":25,"column":3}},"line":13},"2":{"name":"(anonymous_2)","decl":{"start":{"line":14,"column":11},"end":{"line":14,"column":12}},"loc":{"start":{"line":14,"column":36},"end":{"line":24,"column":5}},"line":14}},"branchMap":{"0":{"loc":{"start":{"line":16,"column":8},"end":{"line":18,"column":9}},"type":"if","locations":[{"start":{"line":16,"column":8},"end":{"line":18,"column":9}},{"start":{"line":16,"column":8},"end":{"line":18,"column":9}}],"line":16}},"s":{"0":1,"1":1,"2":10,"3":10,"4":10,"5":9,"6":1,"7":2,"8":9,"9":9,"10":0,"11":9,"12":0},"f":{"0":10,"1":2,"2":9},"b":{"0":[0,9]},"_coverageSchema":"1a1c01bbd47fc00a2c39e90264f33305004495a9","hash":"35ddacb4706f331d6ad365331db5739b3eced232"}
}
