{"/Users/simonhoyos/Documents/makeitreal/lessons/express-mongo/testing/src/app.js": {"path":"/Users/simonhoyos/Documents/makeitreal/lessons/express-mongo/testing/src/app.js","statementMap":{"0":{"start":{"line":1,"column":16},"end":{"line":1,"column":34}},"1":{"start":{"line":2,"column":22},"end":{"line":2,"column":49}},"2":{"start":{"line":3,"column":19},"end":{"line":3,"column":34}},"3":{"start":{"line":5,"column":12},"end":{"line":5,"column":21}},"4":{"start":{"line":7,"column":0},"end":{"line":7,"column":24}},"5":{"start":{"line":9,"column":0},"end":{"line":11,"column":2}},"6":{"start":{"line":10,"column":2},"end":{"line":10,"column":22}},"7":{"start":{"line":13,"column":0},"end":{"line":13,"column":36}},"8":{"start":{"line":15,"column":0},"end":{"line":15,"column":21}}},"fnMap":{"0":{"name":"(anonymous_0)","decl":{"start":{"line":9,"column":13},"end":{"line":9,"column":14}},"loc":{"start":{"line":9,"column":27},"end":{"line":11,"column":1}},"line":9}},"branchMap":{},"s":{"0":1,"1":1,"2":1,"3":1,"4":1,"5":1,"6":0,"7":1,"8":1},"f":{"0":0},"b":{},"_coverageSchema":"1a1c01bbd47fc00a2c39e90264f33305004495a9","hash":"2e1d61a0ee1cdbdf31a51a4a0d607e6ea09ca4d1"}
,"/Users/simonhoyos/Documents/makeitreal/lessons/express-mongo/testing/src/db.js": {"path":"/Users/simonhoyos/Documents/makeitreal/lessons/express-mongo/testing/src/db.js","statementMap":{"0":{"start":{"line":1,"column":17},"end":{"line":1,"column":36}},"1":{"start":{"line":3,"column":12},"end":{"line":3,"column":69}},"2":{"start":{"line":5,"column":16},"end":{"line":8,"column":1}},"3":{"start":{"line":10,"column":0},"end":{"line":10,"column":31}},"4":{"start":{"line":12,"column":19},"end":{"line":12,"column":38}},"5":{"start":{"line":13,"column":0},"end":{"line":13,"column":82}},"6":{"start":{"line":13,"column":30},"end":{"line":13,"column":80}},"7":{"start":{"line":14,"column":0},"end":{"line":14,"column":73}},"8":{"start":{"line":14,"column":30},"end":{"line":14,"column":71}},"9":{"start":{"line":16,"column":0},"end":{"line":16,"column":28}}},"fnMap":{"0":{"name":"(anonymous_0)","decl":{"start":{"line":13,"column":24},"end":{"line":13,"column":25}},"loc":{"start":{"line":13,"column":30},"end":{"line":13,"column":80}},"line":13},"1":{"name":"(anonymous_1)","decl":{"start":{"line":14,"column":23},"end":{"line":14,"column":24}},"loc":{"start":{"line":14,"column":30},"end":{"line":14,"column":71}},"line":14}},"branchMap":{"0":{"loc":{"start":{"line":3,"column":12},"end":{"line":3,"column":69}},"type":"binary-expr","locations":[{"start":{"line":3,"column":12},"end":{"line":3,"column":33}},{"start":{"line":3,"column":37},"end":{"line":3,"column":69}}],"line":3}},"s":{"0":1,"1":1,"2":1,"3":1,"4":1,"5":1,"6":1,"7":1,"8":0,"9":1},"f":{"0":1,"1":0},"b":{"0":[1,0]},"_coverageSchema":"1a1c01bbd47fc00a2c39e90264f33305004495a9","hash":"094783516f19af61af8f4e346bd6699981aed204"}
,"/Users/simonhoyos/Documents/makeitreal/lessons/express-mongo/testing/src/controllers/message.controllers.js": {"path":"/Users/simonhoyos/Documents/makeitreal/lessons/express-mongo/testing/src/controllers/message.controllers.js","statementMap":{"0":{"start":{"line":1,"column":16},"end":{"line":1,"column":50}},"1":{"start":{"line":3,"column":0},"end":{"line":29,"column":1}},"2":{"start":{"line":5,"column":21},"end":{"line":5,"column":41}},"3":{"start":{"line":7,"column":4},"end":{"line":7,"column":35}},"4":{"start":{"line":10,"column":17},"end":{"line":10,"column":25}},"5":{"start":{"line":11,"column":20},"end":{"line":11,"column":46}},"6":{"start":{"line":13,"column":4},"end":{"line":13,"column":33}},"7":{"start":{"line":16,"column":15},"end":{"line":16,"column":28}},"8":{"start":{"line":17,"column":17},"end":{"line":17,"column":25}},"9":{"start":{"line":18,"column":20},"end":{"line":18,"column":76}},"10":{"start":{"line":20,"column":4},"end":{"line":20,"column":34}},"11":{"start":{"line":23,"column":15},"end":{"line":23,"column":28}},"12":{"start":{"line":24,"column":17},"end":{"line":24,"column":25}},"13":{"start":{"line":25,"column":20},"end":{"line":25,"column":55}},"14":{"start":{"line":27,"column":4},"end":{"line":27,"column":34}}},"fnMap":{"0":{"name":"(anonymous_0)","decl":{"start":{"line":4,"column":2},"end":{"line":4,"column":3}},"loc":{"start":{"line":4,"column":22},"end":{"line":8,"column":3}},"line":4},"1":{"name":"(anonymous_1)","decl":{"start":{"line":9,"column":2},"end":{"line":9,"column":3}},"loc":{"start":{"line":9,"column":25},"end":{"line":14,"column":3}},"line":9},"2":{"name":"(anonymous_2)","decl":{"start":{"line":15,"column":2},"end":{"line":15,"column":3}},"loc":{"start":{"line":15,"column":25},"end":{"line":21,"column":3}},"line":15},"3":{"name":"(anonymous_3)","decl":{"start":{"line":22,"column":2},"end":{"line":22,"column":3}},"loc":{"start":{"line":22,"column":25},"end":{"line":28,"column":3}},"line":22}},"branchMap":{},"s":{"0":1,"1":1,"2":1,"3":1,"4":1,"5":1,"6":1,"7":0,"8":0,"9":0,"10":0,"11":0,"12":0,"13":0,"14":0},"f":{"0":1,"1":1,"2":0,"3":0},"b":{},"_coverageSchema":"1a1c01bbd47fc00a2c39e90264f33305004495a9","hash":"98e0f360f9d75cb2acec76760522a3a05807926c"}
,"/Users/simonhoyos/Documents/makeitreal/lessons/express-mongo/testing/src/models/message.model.js": {"path":"/Users/simonhoyos/Documents/makeitreal/lessons/express-mongo/testing/src/models/message.model.js","statementMap":{"0":{"start":{"line":1,"column":26},"end":{"line":1,"column":45}},"1":{"start":{"line":3,"column":22},"end":{"line":8,"column":2}},"2":{"start":{"line":10,"column":16},"end":{"line":10,"column":47}},"3":{"start":{"line":12,"column":0},"end":{"line":12,"column":25}}},"fnMap":{},"branchMap":{},"s":{"0":1,"1":1,"2":1,"3":1},"f":{},"b":{},"_coverageSchema":"1a1c01bbd47fc00a2c39e90264f33305004495a9","hash":"5cdfa64a46512cc1789187641ab0223b32b2917c"}
,"/Users/simonhoyos/Documents/makeitreal/lessons/express-mongo/testing/src/routes/message.js": {"path":"/Users/simonhoyos/Documents/makeitreal/lessons/express-mongo/testing/src/routes/message.js","statementMap":{"0":{"start":{"line":1,"column":15},"end":{"line":1,"column":42}},"1":{"start":{"line":2,"column":26},"end":{"line":2,"column":71}},"2":{"start":{"line":5,"column":0},"end":{"line":5,"column":45}},"3":{"start":{"line":6,"column":0},"end":{"line":6,"column":49}},"4":{"start":{"line":7,"column":0},"end":{"line":7,"column":51}},"5":{"start":{"line":8,"column":0},"end":{"line":8,"column":54}},"6":{"start":{"line":10,"column":0},"end":{"line":10,"column":24}}},"fnMap":{},"branchMap":{},"s":{"0":1,"1":1,"2":1,"3":1,"4":1,"5":1,"6":1},"f":{},"b":{},"_coverageSchema":"1a1c01bbd47fc00a2c39e90264f33305004495a9","hash":"0278e600af24201a22a609c337ecf8c322b7d8c0"}
}
